<?xml version="1.0" encoding="UTF-8"?>
<testsuite name="ReqRes2Tests" tests="1" skipped="0" failures="0" errors="0" timestamp="2021-01-08T01:02:37" hostname="CristianVargas" time="3.911">
  <properties/>
  <testcase name="getSingleUserTest" classname="ReqRes2Tests" time="3.911"/>
  <system-out><![CDATA[2021-01-07T20:02:36,370 [Test worker] INFO  (BaseTest.java:27) - Iniciando la configuracion
2021-01-07T20:02:37,812 [Test worker] INFO  (BaseTest.java:29) - ConfiguraciÃ³n exitosa
Request method:	GET
Request URI:	https://reqres.in/api/users/2
Proxy:			<none>
Request params:	<none>
Query params:	<none>
Form params:	<none>
Path params:	<none>
Headers:		Accept=*/*
				Content-Type=application/json; charset=UTF-8
Cookies:		<none>
Multiparts:		<none>
Body:			<none>
HTTP/1.1 200 OK
Date: Fri, 08 Jan 2021 01:02:38 GMT
Content-Type: application/json; charset=utf-8
Transfer-Encoding: chunked
Connection: keep-alive
Set-Cookie: __cfduid=dc1695664cbcdd9dbe970eac8a009e7f81610067758; expires=Sun, 07-Feb-21 01:02:38 GMT; path=/; domain=.reqres.in; HttpOnly; SameSite=Lax; Secure
X-Powered-By: Express
Access-Control-Allow-Origin: *
Etag: W/"118-pbdwwFo9SKNhD3Lx5iHJyngpq00"
Via: 1.1 vegur
Cache-Control: max-age=14400
CF-Cache-Status: HIT
Age: 1015
cf-request-id: 07811d661e0000e5b701980000000001
Expect-CT: max-age=604800, report-uri="https://report-uri.cloudflare.com/cdn-cgi/beacon/expect-ct"
Report-To: {"endpoints":[{"url":"https:\/\/a.nel.cloudflare.com\/report?s=EsUqITLSedLNyQJ5sfUxEpU8XZPMFfYKYDE%2B%2F5HLWoDjdxVIVkO9DwiJ5CPsBBvdJo9y6oPGTinKcHpFXZaUI4wN4RcRrUOlfN8%3D"}],"group":"cf-nel","max_age":604800}
NEL: {"report_to":"cf-nel","max_age":604800}
Vary: Accept-Encoding
Server: cloudflare
CF-RAY: 60e1fe836b92e5b7-BOG
Content-Encoding: gzip

{
    "data": {
        "id": 2,
        "email": "janet.weaver@reqres.in",
        "first_name": "Janet",
        "last_name": "Weaver",
        "avatar": "https://reqres.in/img/faces/2-image.jpg"
    },
    "support": {
        "url": "https://reqres.in/#support-heading",
        "text": "To keep ReqRes free, contributions towards server costs are appreciated!"
    }
}
]]></system-out>
  <system-err><![CDATA[SLF4J: Failed to load class "org.slf4j.impl.StaticLoggerBinder".
SLF4J: Defaulting to no-operation (NOP) logger implementation
SLF4J: See http://www.slf4j.org/codes.html#StaticLoggerBinder for further details.
]]></system-err>
</testsuite>
